[36m2020/11/07 22:29:50,382[m [34m[DEBUG][m  [org.springframework.core.env.PropertySourcesPropertyResolver] [33m[main][m- Found key 'spring.liveBeansView.mbeanDomain' in PropertySource 'systemProperties' with value of type String
 -[36m2020/11/07 22:29:50,394[m [32m[INFO ][m  [org.springframework.boot.StartupInfoLogger] [33m[main][m- Started WmcWebApplication in 1.522 seconds (JVM running for 2.748)
 -[36m2020/11/07 22:29:50,809[m [34m[DEBUG][m  [org.springframework.core.env.PropertySourcesPropertyResolver] [33m[RMI TCP Connection(1)-127.0.0.1][m- Found key 'local.server.port' in PropertySource 'server.ports' with value of type Integer
 -[36m2020/11/07 22:30:09,744[m [32m[INFO ][m  [org.apache.juli.logging.DirectJDKLog] [33m[http-nio-8080-exec-1][m- Initializing Spring DispatcherServlet 'dispatcherServlet'
 -[36m2020/11/07 22:30:09,745[m [32m[INFO ][m  [org.springframework.web.servlet.FrameworkServlet] [33m[http-nio-8080-exec-1][m- Initializing Servlet 'dispatcherServlet'
 -[36m2020/11/07 22:30:09,745[m [34m[DEBUG][m  [org.springframework.web.servlet.DispatcherServlet] [33m[http-nio-8080-exec-1][m- Detected StandardServletMultipartResolver
 -[36m2020/11/07 22:30:09,752[m [34m[DEBUG][m  [org.springframework.web.servlet.FrameworkServlet] [33m[http-nio-8080-exec-1][m- enableLoggingRequestDetails='false': request parameters and headers will be masked to prevent unsafe logging of potentially sensitive data
 -[36m2020/11/07 22:30:09,752[m [32m[INFO ][m  [org.springframework.web.servlet.FrameworkServlet] [33m[http-nio-8080-exec-1][m- Completed initialization in 7 ms
 -[36m2020/11/07 22:30:09,759[m [34m[DEBUG][m  [org.springframework.core.log.LogFormatUtils] [33m[http-nio-8080-exec-1][m- GET "/dues", parameters={}
 -[36m2020/11/07 22:30:09,762[m [34m[DEBUG][m  [org.springframework.web.servlet.handler.AbstractHandlerMapping] [33m[http-nio-8080-exec-1][m- Mapped to com.wmc.WMCWeb.dues.controller.DuesController#getDue(Map)
 -[36m2020/11/07 22:30:10,390[m [34m[DEBUG][m  [org.springframework.web.servlet.mvc.method.annotation.AbstractMessageConverterMethodProcessor] [33m[http-nio-8080-exec-1][m- Using 'application/json;q=0.8', given [text/html, application/xhtml+xml, image/avif, image/webp, image/apng, application/xml;q=0.9, application/signed-exchange;v=b3;q=0.9, */*;q=0.8] and supported [application/json, application/*+json, application/json, application/*+json]
 -[36m2020/11/07 22:30:10,390[m [34m[DEBUG][m  [org.springframework.core.log.LogFormatUtils] [33m[http-nio-8080-exec-1][m- Writing [[com.wmc.WMCWeb.dues.domain.Dues@6b754739]]
 -[36m2020/11/07 22:30:10,432[m [34m[DEBUG][m  [org.springframework.web.servlet.FrameworkServlet] [33m[http-nio-8080-exec-1][m- Completed 200 OK
 -[36m2020/11/07 22:30:10,501[m [34m[DEBUG][m  [org.springframework.core.log.LogFormatUtils] [33m[http-nio-8080-exec-2][m- GET "/favicon.ico", parameters={}
 -[36m2020/11/07 22:30:10,504[m [34m[DEBUG][m  [org.springframework.web.servlet.handler.AbstractHandlerMapping] [33m[http-nio-8080-exec-2][m- Mapped to ResourceHttpRequestHandler ["classpath:/META-INF/resources/", "classpath:/resources/", "classpath:/static/", "classpath:/public/", "/"]
 -[36m2020/11/07 22:30:10,506[m [34m[DEBUG][m  [org.springframework.web.servlet.resource.ResourceHttpRequestHandler] [33m[http-nio-8080-exec-2][m- Resource not found
 -[36m2020/11/07 22:30:10,506[m [34m[DEBUG][m  [org.springframework.web.servlet.FrameworkServlet] [33m[http-nio-8080-exec-2][m- Completed 404 NOT_FOUND
 -[36m2020/11/07 22:30:10,511[m [34m[DEBUG][m  [org.springframework.core.log.LogFormatUtils] [33m[http-nio-8080-exec-2][m- "ERROR" dispatch for GET "/error", parameters={}
 -[36m2020/11/07 22:30:10,513[m [34m[DEBUG][m  [org.springframework.web.servlet.handler.AbstractHandlerMapping] [33m[http-nio-8080-exec-2][m- Mapped to org.springframework.boot.autoconfigure.web.servlet.error.BasicErrorController#error(HttpServletRequest)
 -[36m2020/11/07 22:30:10,520[m [34m[DEBUG][m  [org.springframework.web.servlet.mvc.method.annotation.AbstractMessageConverterMethodProcessor] [33m[http-nio-8080-exec-2][m- Using 'application/json;q=0.8', given [image/avif, image/webp, image/apng, image/*, */*;q=0.8] and supported [application/json, application/*+json, application/json, application/*+json]
 -[36m2020/11/07 22:30:10,520[m [34m[DEBUG][m  [org.springframework.core.log.LogFormatUtils] [33m[http-nio-8080-exec-2][m- Writing [{timestamp=Sat Nov 07 22:30:10 KST 2020, status=404, error=Not Found, message=, path=/favicon.ico}]
 -[36m2020/11/07 22:30:10,527[m [34m[DEBUG][m  [org.springframework.web.servlet.FrameworkServlet] [33m[http-nio-8080-exec-2][m- Exiting from "ERROR" dispatch, status 404
 -[36m2020/11/07 22:45:05,895[m [34m[DEBUG][m  [org.springframework.context.support.AbstractApplicationContext] [33m[SpringContextShutdownHook][m- Closing org.springframework.boot.web.servlet.context.AnnotationConfigServletWebServerApplicationContext@7fcbe147, started on Sat Nov 07 22:29:49 KST 2020
 -[36m2020/11/07 22:45:05,901[m [34m[DEBUG][m  [org.springframework.core.env.PropertySourcesPropertyResolver] [33m[SpringContextShutdownHook][m- Found key 'spring.liveBeansView.mbeanDomain' in PropertySource 'systemProperties' with value of type String
 -[36m2020/11/07 22:45:05,915[m [34m[DEBUG][m  [org.springframework.context.support.DefaultLifecycleProcessor$LifecycleGroup] [33m[SpringContextShutdownHook][m- Stopping beans in phase 2147483647
 -[36m2020/11/07 22:45:05,922[m [34m[DEBUG][m  [org.springframework.context.support.DefaultLifecycleProcessor] [33m[SpringContextShutdownHook][m- Bean 'webServerGracefulShutdown' completed its stop procedure
 -[36m2020/11/07 22:45:05,923[m [34m[DEBUG][m  [org.springframework.context.support.DefaultLifecycleProcessor$LifecycleGroup] [33m[SpringContextShutdownHook][m- Stopping beans in phase 2147483646
 -[36m2020/11/07 22:45:05,953[m [34m[DEBUG][m  [org.springframework.context.support.DefaultLifecycleProcessor] [33m[SpringContextShutdownHook][m- Bean 'webServerStartStop' completed its stop procedure
 -[36m2020/11/07 22:45:05,955[m [34m[DEBUG][m  [org.springframework.jmx.export.MBeanExporter] [33m[SpringContextShutdownHook][m- Unregistering JMX-exposed beans on shutdown
 -[36m2020/11/07 22:45:05,956[m [32m[INFO ][m  [org.springframework.scheduling.concurrent.ExecutorConfigurationSupport] [33m[SpringContextShutdownHook][m- Shutting down ExecutorService 'applicationTaskExecutor'
 -